[NX CLOUD] Verifying current cloud bundle
[NX CLOUD] A local bundle currently exists:  {
  version: '2507.21.3',
  fullPath: 'D:\\_dev\\!Projects\\_fux\\_FocusedUX\\.nx\\cache\\cloud\\2507.21.3'
}
[NX CLOUD] Last verification was within the past 30 minutes, will not verify this time
[NX CLOUD] Done:  D:\_dev\!Projects\_fux\_FocusedUX\.nx\cache\cloud\2507.21.3
Was not able to require.resolve module nx/src/utils/app-root from the following paths: D:\_dev\!Projects\_fux\_FocusedUX\node_modules\.pnpm\nx@21.2.3_@swc-node+registe_7306ef63b41a194d6dedbf0e42302ae1\node_modules\nx\node_modules,D:\_dev\!Projects\_fux\_FocusedUX\node_modules\.pnpm\nx@21.2.3_@swc-node+registe_7306ef63b41a194d6dedbf0e42302ae1\node_modules,D:\_dev\!Projects\_fux\_FocusedUX\node_modules\.pnpm\node_modules,D:\_dev\!Projects\_fux\_FocusedUX\node_modules. This may be expected.
Was not able to require.resolve module nx/src/utils/app-root from the following paths: D:\_dev\!Projects\_fux\_FocusedUX\node_modules\.pnpm\nx@21.2.3_@swc-node+registe_7306ef63b41a194d6dedbf0e42302ae1\node_modules\nx\node_modules,D:\_dev\!Projects\_fux\_FocusedUX\node_modules\.pnpm\nx@21.2.3_@swc-node+registe_7306ef63b41a194d6dedbf0e42302ae1\node_modules,D:\_dev\!Projects\_fux\_FocusedUX\node_modules\.pnpm\node_modules,D:\_dev\!Projects\_fux\_FocusedUX\node_modules. This may be expected.

 NX   --skip-nx-cache disables the connection to Nx Cloud for the current run.

The remote cache will not be read from or written to during this run.


 NX   Running target build for project @fux/note-hub-ext and 2 tasks it depends on:


[NX CLOUD] Verifying current cloud bundle
[NX CLOUD] A local bundle currently exists:  {
  version: '2507.21.3',
  fullPath: 'D:\\_dev\\!Projects\\_fux\\_FocusedUX\\.nx\\cache\\cloud\\2507.21.3'
}
[NX CLOUD] Last verification was within the past 30 minutes, will not verify this time
[NX CLOUD] Done:  D:\_dev\!Projects\_fux\_FocusedUX\.nx\cache\cloud\2507.21.3



 NX   Successfully ran target build for project @fux/note-hub-ext and 2 tasks it depends on


